<?xml version="1.0" encoding="UTF-8"?>
<!-- Generated by org.testng.reporters.JUnitXMLReporter -->
<testsuite ignored="0" hostname="PACLAP-078" failures="3" tests="10" name="Dashboard Test" time="22.829" errors="0" timestamp="2024-08-09T15:23:26 IST">
  <testcase classname="Paccore.pageobjects.BaseTests" name="signin" time="17.472"/>
  <testcase classname="Paccore.tests.DashboardTest" name="verifyDashboardheaderMenuOptionsAreDisplayed" time="0.227"/>
  <testcase classname="Paccore.tests.DashboardTest" name="verifyNotificationFunctionalityOnDashboard" time="0.127">
    <failure type="java.lang.AssertionError" message="The expected Notification functionality did not occur expected [true] but found [false]">
      <![CDATA[java.lang.AssertionError: The expected Notification functionality did not occur expected [true] but found [false]
at Paccore.pageobjects.DashboardPage.verifyNotificationExpectedfunctionality(DashboardPage.java:483)
at Paccore.tests.DashboardTest.verifyNotificationFunctionalityOnDashboard(DashboardTest.java:105)
at java.base/java.util.ArrayList.forEach(ArrayList.java:1596)
at java.base/java.util.concurrent.FutureTask.run(FutureTask.java:317)
at java.base/java.util.concurrent.ThreadPoolExecutor.runWorker(ThreadPoolExecutor.java:1144)
at java.base/java.util.concurrent.ThreadPoolExecutor$Worker.run(ThreadPoolExecutor.java:642)
at java.base/java.lang.Thread.run(Thread.java:1583)
... Removed 18 stack frames]]>
    </failure>
  </testcase> <!-- verifyNotificationFunctionalityOnDashboard -->
  <testcase classname="Paccore.tests.DashboardTest" name="verifyProfileIconAndDropdownOnDashboard" time="0.108"/>
  <testcase classname="Paccore.tests.DashboardTest" name="verifySettingsFunctionalityOnDachboard" time="0.19">
    <failure type="java.lang.AssertionError" message="The expected Settings functionality did not occur expected [true] but found [false]">
      <![CDATA[java.lang.AssertionError: The expected Settings functionality did not occur expected [true] but found [false]
at Paccore.pageobjects.DashboardPage.verifySettingsExpectedFunctionality(DashboardPage.java:446)
at Paccore.tests.DashboardTest.verifySettingsFunctionalityOnDachboard(DashboardTest.java:95)
at java.base/java.util.ArrayList.forEach(ArrayList.java:1596)
at java.base/java.util.concurrent.FutureTask.run(FutureTask.java:317)
at java.base/java.util.concurrent.ThreadPoolExecutor.runWorker(ThreadPoolExecutor.java:1144)
at java.base/java.util.concurrent.ThreadPoolExecutor$Worker.run(ThreadPoolExecutor.java:642)
at java.base/java.lang.Thread.run(Thread.java:1583)
... Removed 18 stack frames]]>
    </failure>
  </testcase> <!-- verifySettingsFunctionalityOnDachboard -->
  <testcase classname="Paccore.tests.DashboardTest" name="verifyUserCreatedReportsAredisplayed" time="1.925"/>
  <testcase classname="Paccore.tests.DashboardTest" name="verifyUserInformationIsDisplayed" time="0.774"/>
  <testcase classname="Paccore.tests.DashboardTest" name="verifyUserSubscriptionInformationIsDisplayed" time="0.459">
    <failure type="java.lang.AssertionError" message="Amount does not match. expected [75] but found [$75]">
      <![CDATA[java.lang.AssertionError: Amount does not match. expected [75] but found [$75]
at Paccore.pageobjects.DashboardPage.verifyPlanAmountisDisplayed(DashboardPage.java:159)
at Paccore.tests.DashboardTest.verifyUserSubscriptionInformationIsDisplayed(DashboardTest.java:33)
at java.base/java.util.ArrayList.forEach(ArrayList.java:1596)
at java.base/java.util.concurrent.FutureTask.run(FutureTask.java:317)
at java.base/java.util.concurrent.ThreadPoolExecutor.runWorker(ThreadPoolExecutor.java:1144)
at java.base/java.util.concurrent.ThreadPoolExecutor$Worker.run(ThreadPoolExecutor.java:642)
at java.base/java.lang.Thread.run(Thread.java:1583)
... Removed 20 stack frames]]>
    </failure>
  </testcase> <!-- verifyUserSubscriptionInformationIsDisplayed -->
  <testcase classname="Paccore.tests.DashboardTest" name="verifynumberofReportsperMonthDisplayedGraphicalReprasentation" time="0.079"/>
  <testcase classname="Paccore.tests.DashboardTest" name="verifytheThemeFunctionalityOnDashboard" time="0.138"/>
</testsuite> <!-- Dashboard Test -->
