<?xml version="1.0" encoding="UTF-8"?>
<!-- Generated by org.testng.reporters.JUnitXMLReporter -->
<testsuite ignored="0" hostname="PACLAP-078" failures="4" tests="7" name="Profile Dropdown Test" time="12.552" errors="0" timestamp="2024-08-13T10:55:16 IST">
  <testcase classname="Paccore.pageobjects.BaseTests" name="signin" time="7.097"/>
  <testcase classname="Paccore.tests.ProfileDropdownTest" name="verifyAccountSettingsNavigation" time="0.254">
    <failure type="java.lang.AssertionError" message="The expected AccountSettings functionality did not occur expected [true] but found [false]">
      <![CDATA[java.lang.AssertionError: The expected AccountSettings functionality did not occur expected [true] but found [false]
at Paccore.pageobjects.ProfileDropdownPage.verifyAccountSettingsExpectedfunctionality(ProfileDropdownPage.java:142)
at Paccore.tests.ProfileDropdownTest.verifyAccountSettingsNavigation(ProfileDropdownTest.java:53)
at java.base/java.util.ArrayList.forEach(ArrayList.java:1596)
at java.base/java.util.concurrent.FutureTask.run(FutureTask.java:317)
at java.base/java.util.concurrent.ThreadPoolExecutor.runWorker(ThreadPoolExecutor.java:1144)
at java.base/java.util.concurrent.ThreadPoolExecutor$Worker.run(ThreadPoolExecutor.java:642)
at java.base/java.lang.Thread.run(Thread.java:1583)
... Removed 18 stack frames]]>
    </failure>
  </testcase> <!-- verifyAccountSettingsNavigation -->
  <testcase classname="Paccore.tests.ProfileDropdownTest" name="verifyManagePaymentNavigation" time="0.163">
    <failure type="java.lang.AssertionError" message="The expected ManagePayment functionality did not occur expected [true] but found [false]">
      <![CDATA[java.lang.AssertionError: The expected ManagePayment functionality did not occur expected [true] but found [false]
at Paccore.pageobjects.ProfileDropdownPage.verifyManagePaymentExpectedfunctionality(ProfileDropdownPage.java:105)
at Paccore.tests.ProfileDropdownTest.verifyManagePaymentNavigation(ProfileDropdownTest.java:41)
at java.base/java.util.ArrayList.forEach(ArrayList.java:1596)
at java.base/java.util.concurrent.FutureTask.run(FutureTask.java:317)
at java.base/java.util.concurrent.ThreadPoolExecutor.runWorker(ThreadPoolExecutor.java:1144)
at java.base/java.util.concurrent.ThreadPoolExecutor$Worker.run(ThreadPoolExecutor.java:642)
at java.base/java.lang.Thread.run(Thread.java:1583)
... Removed 18 stack frames]]>
    </failure>
  </testcase> <!-- verifyManagePaymentNavigation -->
  <testcase classname="Paccore.tests.ProfileDropdownTest" name="verifyMyFAQsNavigation" time="0.539"/>
  <testcase classname="Paccore.tests.ProfileDropdownTest" name="verifyMyProfileNavigation" time="2.63"/>
  <testcase classname="Paccore.tests.ProfileDropdownTest" name="verifyPrivacyPolicyNavigation" time="0.382">
    <failure type="java.lang.AssertionError" message="The expected PrivacyPolicy functionality did not occur expected [true] but found [false]">
      <![CDATA[java.lang.AssertionError: The expected PrivacyPolicy functionality did not occur expected [true] but found [false]
at Paccore.pageobjects.ProfileDropdownPage.verifyPrivacyPolicyExpectedfunctionality(ProfileDropdownPage.java:216)
at Paccore.tests.ProfileDropdownTest.verifyPrivacyPolicyNavigation(ProfileDropdownTest.java:76)
at java.base/java.util.ArrayList.forEach(ArrayList.java:1596)
at java.base/java.util.concurrent.FutureTask.run(FutureTask.java:317)
at java.base/java.util.concurrent.ThreadPoolExecutor.runWorker(ThreadPoolExecutor.java:1144)
at java.base/java.util.concurrent.ThreadPoolExecutor$Worker.run(ThreadPoolExecutor.java:642)
at java.base/java.lang.Thread.run(Thread.java:1583)
... Removed 18 stack frames]]>
    </failure>
  </testcase> <!-- verifyPrivacyPolicyNavigation -->
  <testcase classname="Paccore.tests.ProfileDropdownTest" name="verifyTermsConditionsNavigation" time="0.173">
    <failure type="java.lang.AssertionError" message="The expected TermsConditions functionality did not occur expected [true] but found [false]">
      <![CDATA[java.lang.AssertionError: The expected TermsConditions functionality did not occur expected [true] but found [false]
at Paccore.pageobjects.ProfileDropdownPage.verifyTermsConditionsExpectedfunctionality(ProfileDropdownPage.java:179)
at Paccore.tests.ProfileDropdownTest.verifyTermsConditionsNavigation(ProfileDropdownTest.java:64)
at java.base/java.util.ArrayList.forEach(ArrayList.java:1596)
at java.base/java.util.concurrent.FutureTask.run(FutureTask.java:317)
at java.base/java.util.concurrent.ThreadPoolExecutor.runWorker(ThreadPoolExecutor.java:1144)
at java.base/java.util.concurrent.ThreadPoolExecutor$Worker.run(ThreadPoolExecutor.java:642)
at java.base/java.lang.Thread.run(Thread.java:1583)
... Removed 18 stack frames]]>
    </failure>
  </testcase> <!-- verifyTermsConditionsNavigation -->
</testsuite> <!-- Profile Dropdown Test -->
